This is pdfTeX, Version 3.14159265-2.6-1.40.19 (TeX Live 2018/MacPorts 2018.47642_8) (preloaded format=pdflatex 2018.10.11)  13 MAY 2019 14:51
entering extended mode
 restricted \write18 enabled.
 file:line:error style messages enabled.
 %&-line parsing enabled.
**discussion.tex
(./discussion.tex
LaTeX2e <2018-04-01> patch level 2
Babel <3.18> and hyphenation patterns for 46 language(s) loaded.
./discussion.tex:1: Undefined control sequence.
l.1 \section
            {Discussion}\label{discussion}
? 
./discussion.tex:1: Emergency stop.
l.1 \section
            {Discussion}\label{discussion}
End of file on the terminal!

 
Here is how much of TeX's memory you used:
 5 strings out of 493762
 161 string characters out of 6152598
 53745 words of memory out of 5000000
 3816 multiletter control sequences out of 15000+600000
 3640 words of font info for 14 fonts, out of 8000000 for 9000
 430 hyphenation exceptions out of 8191
 5i,0n,1p,55b,8s stack positions out of 5000i,500n,10000p,200000b,80000s
./discussion.tex:1:  ==> Fatal error occurred, no output PDF file produced!
